<?xml version="1.0" encoding="UTF-8"?>
<!-- Generated by org.testng.reporters.JUnitReportReporter -->
<testsuite hostname="Ajay" name="org.ejagruti.finsys.testcases.US_SBDC_1000_TC001" tests="1" failures="0" timestamp="4 Feb 2018 07:44:41 GMT" time="24.348" errors="0">
  <testcase name="ExecuteTestCase" time="24.348" classname="org.ejagruti.finsys.testcases.US_SBDC_1000_TC001"/>
</testsuite> <!-- org.ejagruti.finsys.testcases.US_SBDC_1000_TC001 -->
